Warning: SQLSTATE[42000]: Syntax error or access violation: 1064 You have an error in your SQL syntax; check the manual that corresponds to your MariaDB server version for the right syntax to use near 'ac.`fk_student` = st.`index_number` AND ac.`fk_semester` = '2' 
            ...' at line 14
Trace: #0 C:\xampp\htdocs\rmu-student\src\Core\Database.php(100): PDOStatement->execute(Array)
#1 C:\xampp\htdocs\rmu-student\src\Controller\Student.php(222): Src\Core\Database->run('SELECT \r\n      ...', Array)
#2 C:\xampp\htdocs\rmu-student\api\index.php(60): Src\Controller\Student->fetchUnregisteredCoursesForPrevious('BCS1000428', 100, 1, 2)
#3 {main}
Warning: SQLSTATE[42000]: Syntax error or access violation: 1064 You have an error in your SQL syntax; check the manual that corresponds to your MariaDB server version for the right syntax to use near 'st.`index_number` = 'BCS1000428' AND cs.`level` < '100' AND cs.`semester` = '1'' at line 14
Trace: #0 C:\xampp\htdocs\rmu-student\src\Core\Database.php(100): PDOStatement->execute(Array)
#1 C:\xampp\htdocs\rmu-student\src\Controller\Student.php(221): Src\Core\Database->run('SELECT \r\n      ...', Array)
#2 C:\xampp\htdocs\rmu-student\api\index.php(60): Src\Controller\Student->fetchUnregisteredCoursesForPrevious('BCS1000428', 100, 1, 2)
#3 {main}
Warning: SQLSTATE[42S22]: Column not found: 1054 Unknown column 'cc.registered' in 'field list'
Trace: #0 C:\xampp\htdocs\rmu-student\src\Core\Database.php(100): PDOStatement->execute(Array)
#1 C:\xampp\htdocs\rmu-student\src\Controller\Student.php(221): Src\Core\Database->run('SELECT \r\n      ...', Array)
#2 C:\xampp\htdocs\rmu-student\api\index.php(60): Src\Controller\Student->fetchUnregisteredCoursesForPrevious('BCS1000428', 100, 1, 2)
#3 {main}
Warning: SQLSTATE[42000]: Syntax error or access violation: 1064 You have an error in your SQL syntax; check the manual that corresponds to your MariaDB server version for the right syntax to use near ' `fk_semester` = '2'' at line 1
Trace: #0 C:\xampp\htdocs\rmu-student\src\Core\Database.php(100): PDOStatement->execute(Array)
#1 C:\xampp\htdocs\rmu-student\src\Controller\Student.php(151): Src\Core\Database->run('UPDATE `student...', Array)
#2 C:\xampp\htdocs\rmu-student\api\index.php(223): Src\Controller\Student->registerSemesterCourses(Array, 'BCS1000428', 2)
#3 {main}
